\BOOKMARK [1][-]{section.1}{\376\377\000I\000n\000t\000r\000o\000d\000u\000z\000i\000o\000n\000e\000\040\000a\000l\000\040\000c\000o\000r\000s\000o}{}% 1
\BOOKMARK [1][-]{section.2}{\376\377\000U\000n\000i\000t\000\340\000\040\000d\000i\000\040\000m\000i\000s\000u\000r\000a}{}% 2
\BOOKMARK [1][-]{section.3}{\376\377\000A\000n\000a\000l\000i\000s\000i\000\040\000d\000i\000m\000e\000n\000s\000i\000o\000n\000a\000l\000e}{}% 3
\BOOKMARK [1][-]{section.4}{\376\377\000E\000r\000r\000o\000r\000i\000,\000\040\000p\000r\000e\000c\000i\000s\000i\000o\000n\000e\000\040\000e\000d\000\040\000a\000c\000c\000u\000r\000a\000t\000e\000z\000z\000a}{}% 4
\BOOKMARK [1][-]{section.5}{\376\377\000S\000i\000s\000t\000e\000m\000i\000\040\000d\000i\000\040\000r\000i\000f\000e\000r\000i\000m\000e\000n\000t\000o}{}% 5
\BOOKMARK [1][-]{section.6}{\376\377\000S\000i\000s\000t\000e\000m\000i\000\040\000d\000i\000\040\000r\000i\000f\000e\000r\000i\000m\000e\000n\000t\000o\000\040\000m\000o\000n\000o\000d\000i\000m\000e\000n\000s\000i\000o\000n\000a\000l\000i}{}% 6
\BOOKMARK [1][-]{section.7}{\376\377\000S\000i\000s\000t\000e\000m\000i\000\040\000d\000i\000\040\000r\000i\000f\000e\000r\000i\000m\000e\000n\000t\000o\000\040\000b\000i\000d\000i\000m\000e\000n\000s\000i\000o\000n\000a\000l\000i}{}% 7
\BOOKMARK [1][-]{section.8}{\376\377\000S\000i\000s\000t\000e\000m\000i\000\040\000d\000i\000\040\000r\000i\000f\000e\000r\000i\000m\000e\000n\000t\000o\000\040\000t\000r\000i\000d\000i\000m\000e\000n\000s\000i\000o\000n\000a\000l\000i}{}% 8
\BOOKMARK [1][-]{section.9}{\376\377\000S\000o\000m\000m\000a\000t\000o\000r\000i\000e\000\040\000e\000d\000\040\000i\000n\000t\000e\000g\000r\000a\000l\000i\000\040\000d\000i\000\040\000v\000e\000t\000t\000o\000r\000i}{}% 9
\BOOKMARK [1][-]{section.10}{\376\377\000P\000r\000o\000d\000o\000t\000t\000o\000\040\000s\000c\000a\000l\000a\000r\000e\000\040\000e\000\040\000p\000r\000o\000d\000o\000t\000t\000o\000\040\000v\000e\000t\000t\000o\000r\000i\000a\000l\000e}{}% 10
\BOOKMARK [1][-]{section.11}{\376\377\000C\000o\000n\000c\000e\000t\000t\000o\000\040\000d\000i\000\040\000c\000a\000m\000p\000o}{}% 11
\BOOKMARK [1][-]{section.12}{\376\377\000I\000n\000t\000r\000o\000d\000u\000z\000i\000o\000n\000e\000\040\000a\000l\000l\000a\000\040\000m\000e\000c\000c\000a\000n\000i\000c\000a\000\040\000c\000l\000a\000s\000s\000i\000c\000a}{}% 12
\BOOKMARK [1][-]{section.13}{\376\377\000A\000c\000c\000e\000l\000e\000r\000a\000z\000i\000o\000n\000e\000\040\000m\000e\000d\000i\000a\000\040\000e\000\040\000i\000s\000t\000a\000n\000t\000a\000n\000e\000a\000\040\000n\000e\000l\000\040\000m\000o\000t\000o\000\040\000r\000e\000t\000t\000i\000l\000i\000n\000e\000o}{}% 13
\BOOKMARK [1][-]{section.14}{\376\377\000M\000o\000t\000o\000\040\000r\000e\000t\000t\000i\000l\000i\000n\000e\000o\000\040\000u\000n\000i\000f\000o\000r\000m\000e}{}% 14
\BOOKMARK [1][-]{section.15}{\376\377\000M\000o\000t\000o\000\040\000u\000n\000i\000f\000o\000r\000m\000e\000m\000e\000n\000t\000e\000\040\000a\000c\000c\000e\000l\000e\000r\000a\000t\000o}{}% 15
\BOOKMARK [1][-]{section.16}{\376\377\000F\000o\000r\000m\000u\000l\000e\000\040\000d\000e\000l\000\040\000m\000o\000t\000o\000\040\000c\000i\000r\000c\000o\000l\000a\000r\000e}{}% 16
\BOOKMARK [1][-]{section.17}{\376\377\000M\000o\000t\000o\000\040\000d\000e\000i\000\040\000g\000r\000a\000v\000i}{}% 17
\BOOKMARK [1][-]{section.18}{\376\377\000M\000o\000t\000o\000\040\000d\000i\000\040\000u\000n\000\040\000p\000u\000n\000t\000o\000\040\000m\000a\000t\000e\000r\000i\000a\000l\000e\000\040\000s\000u\000l\000\040\000p\000i\000a\000n\000o\000\040\000e\000\040\000n\000e\000l\000l\000o\000\040\000s\000p\000a\000z\000i\000o}{}% 18
\BOOKMARK [1][-]{section.19}{\376\377\000M\000o\000t\000i\000\040\000p\000i\000a\000n\000i\000\040\000s\000u\000\040\000c\000o\000o\000r\000d\000i\000n\000a\000t\000e\000\040\000p\000o\000l\000a\000r\000i}{}% 19
\BOOKMARK [1][-]{section.20}{\376\377\000M\000o\000t\000o\000\040\000p\000i\000a\000n\000o\000\040\000c\000i\000r\000c\000o\000l\000a\000r\000e\000\040\000u\000n\000i\000f\000o\000r\000m\000e}{}% 20
\BOOKMARK [1][-]{section.21}{\376\377\000M\000o\000t\000o\000\040\000c\000i\000r\000c\000o\000l\000a\000r\000e\000\040\000n\000o\000n\000\040\000u\000n\000i\000f\000o\000r\000m\000e}{}% 21
\BOOKMARK [1][-]{section.22}{\376\377\000M\000o\000t\000o\000\040\000p\000i\000a\000n\000o\000\040\000v\000a\000r\000i\000o}{}% 22
\BOOKMARK [1][-]{section.23}{\376\377\000M\000o\000t\000o\000\040\000d\000e\000i\000\040\000p\000r\000o\000i\000e\000t\000t\000i\000l\000i}{}% 23
\BOOKMARK [1][-]{section.24}{\376\377\000R\000e\000l\000a\000t\000i\000v\000i\000t\000\340\000\040\000g\000a\000l\000i\000l\000e\000i\000a\000n\000a}{}% 24
\BOOKMARK [1][-]{section.25}{\376\377\000I\000n\000t\000r\000o\000d\000u\000z\000i\000o\000n\000e\000\040\000a\000l\000l\000a\000\040\000d\000i\000n\000a\000m\000i\000c\000a}{}% 25
\BOOKMARK [1][-]{section.26}{\376\377\000F\000o\000r\000z\000e\000\040\000d\000i\000\040\000c\000o\000n\000t\000a\000t\000t\000o}{}% 26
\BOOKMARK [1][-]{section.27}{\376\377\000R\000e\000s\000i\000s\000t\000e\000n\000z\000a\000\040\000f\000l\000u\000i\000d\000o\000d\000i\000n\000a\000m\000i\000c\000a}{}% 27
\BOOKMARK [1][-]{section.28}{\376\377\000M\000o\000t\000o\000\040\000c\000i\000r\000c\000o\000l\000a\000r\000e\000\040\000u\000n\000i\000f\000o\000r\000m\000e\000\040\000s\000u\000l\000\040\000p\000i\000a\000n\000o\000\040\000o\000r\000i\000z\000z\000o\000n\000t\000a\000l\000e}{}% 28
\BOOKMARK [1][-]{section.29}{\376\377\000M\000o\000t\000o\000\040\000c\000i\000r\000c\000o\000l\000a\000r\000e\000\040\000u\000n\000i\000f\000o\000r\000m\000e\000\040\000s\000u\000l\000\040\000p\000i\000a\000n\000o\000\040\000v\000e\000r\000t\000i\000c\000a\000l\000e}{}% 29
\BOOKMARK [1][-]{section.30}{\376\377\000F\000o\000r\000z\000e\000\040\000f\000r\000a\000\040\000c\000o\000r\000p\000i\000\040\000d\000e\000f\000o\000r\000m\000a\000b\000i\000l\000i}{}% 30
\BOOKMARK [1][-]{section.31}{\376\377\000M\000o\000t\000o\000\040\000a\000r\000m\000o\000n\000i\000c\000o}{}% 31
\BOOKMARK [1][-]{section.32}{\376\377\000E\000n\000e\000r\000g\000i\000a\000\040\000e\000\040\000L\000a\000v\000o\000r\000o}{}% 32
\BOOKMARK [1][-]{section.33}{\376\377\000L\000a\000v\000o\000r\000o\000\040\000s\000v\000o\000l\000t\000o\000\040\000d\000a\000\040\000f\000o\000r\000z\000e\000\040\000c\000o\000s\000t\000a\000n\000t\000i}{}% 33
\BOOKMARK [1][-]{section.34}{\376\377\000P\000o\000t\000e\000n\000z\000a}{}% 34
\BOOKMARK [1][-]{section.35}{\376\377\000F\000o\000r\000z\000e\000\040\000c\000o\000n\000s\000e\000r\000v\000a\000t\000i\000v\000e}{}% 35
\BOOKMARK [1][-]{section.36}{\376\377\000C\000a\000m\000p\000o\000\040\000d\000i\000\040\000f\000o\000r\000z\000a\000\040\000e\000\040\000l\000i\000n\000e\000e\000\040\000d\000i\000\040\000f\000o\000r\000z\000a}{}% 36
\BOOKMARK [1][-]{section.37}{\376\377\000E\000n\000e\000r\000g\000i\000a\000\040\000p\000o\000t\000e\000n\000z\000i\000a\000l\000e}{}% 37
\BOOKMARK [1][-]{section.38}{\376\377\000E\000q\000u\000i\000l\000i\000b\000r\000i\000o}{}% 38
\BOOKMARK [1][-]{section.39}{\376\377\000E\000n\000e\000r\000g\000i\000a\000\040\000m\000e\000c\000c\000a\000n\000i\000c\000a\000\040\000e\000\040\000p\000r\000i\000n\000c\000i\000p\000i\000o\000\040\000d\000i\000\040\000c\000o\000n\000s\000e\000r\000v\000a\000z\000i\000o\000n\000e\000\040\000d\000e\000l\000l\000'\000e\000n\000e\000r\000g\000i\000a\000\040\000m\000e\000c\000c\000a\000n\000i\000c\000a}{}% 39
\BOOKMARK [1][-]{section.40}{\376\377\000A\000p\000p\000l\000i\000c\000a\000z\000i\000o\000n\000i\000\040\000d\000e\000l\000l\000a\000\040\000c\000o\000n\000s\000e\000r\000v\000a\000z\000i\000o\000n\000e\000\040\000d\000e\000l\000l\000'\000e\000n\000e\000r\000g\000i\000a}{}% 40
\BOOKMARK [1][-]{section.41}{\376\377\000S\000i\000s\000t\000e\000m\000i\000\040\000d\000i\000\040\000r\000i\000f\000e\000r\000i\000m\000e\000n\000t\000o\000\040\000i\000n\000e\000r\000z\000i\000a\000l\000i}{}% 41
\BOOKMARK [2][-]{subsection.41.1}{\376\377\000T\000r\000e\000n\000o\000\040\000i\000n\000\040\000m\000o\000t\000o}{section.41}% 42
\BOOKMARK [2][-]{subsection.41.2}{\376\377\000A\000n\000g\000o\000l\000o\000\040\000d\000e\000l\000l\000a\000\040\000p\000i\000o\000g\000g\000i\000a}{section.41}% 43
\BOOKMARK [2][-]{subsection.41.3}{\376\377\000B\000a\000r\000c\000a\000\040\000c\000o\000n\000\040\000v\000e\000l\000o\000c\000i\000t\000\340\000\040\000r\000e\000l\000a\000t\000i\000v\000a}{section.41}% 44
\BOOKMARK [1][-]{section.42}{\376\377\000S\000i\000s\000t\000e\000m\000i\000\040\000d\000i\000\040\000r\000i\000f\000e\000r\000i\000m\000e\000n\000t\000o\000\040\000u\000n\000i\000f\000o\000r\000m\000e\000m\000e\000n\000t\000e\000\040\000a\000c\000c\000e\000l\000e\000r\000a\000t\000i}{}% 45
\BOOKMARK [2][-]{subsection.42.1}{\376\377\000T\000r\000e\000n\000o\000\040\000i\000n\000\040\000f\000r\000e\000n\000a\000t\000a}{section.42}% 46
\BOOKMARK [2][-]{subsection.42.2}{\376\377\000C\000a\000r\000t\000e\000l\000l\000i\000n\000a\000\040\000s\000u\000l\000\040\000t\000e\000t\000t\000u\000c\000c\000i\000o}{section.42}% 47
\BOOKMARK [2][-]{subsection.42.3}{\376\377\000T\000r\000e\000n\000o\000\040\000a\000c\000c\000e\000l\000e\000r\000a\000t\000o}{section.42}% 48
\BOOKMARK [1][-]{section.43}{\376\377\000S\000i\000s\000t\000e\000m\000i\000\040\000d\000i\000\040\000r\000i\000f\000e\000r\000i\000m\000e\000n\000t\000o\000\040\000r\000o\000t\000a\000n\000t\000i}{}% 49
\BOOKMARK [1][-]{section.44}{\376\377\000Q\000u\000a\000n\000t\000i\000t\000\340\000\040\000d\000i\000\040\000m\000o\000t\000o}{}% 50
\BOOKMARK [1][-]{section.45}{\376\377\000I\000m\000p\000u\000l\000s\000o\000\040\000d\000i\000\040\000u\000n\000a\000\040\000f\000o\000r\000z\000a}{}% 51
\BOOKMARK [1][-]{section.46}{\376\377\000M\000o\000t\000o\000\040\000d\000i\000\040\000u\000n\000\040\000c\000o\000r\000p\000o\000\040\000c\000o\000m\000p\000o\000s\000t\000o}{}% 52
\BOOKMARK [1][-]{section.47}{\376\377\000A\000p\000p\000l\000i\000c\000a\000z\000i\000o\000n\000i\000\040\000d\000i\000\040\000q\000u\000a\000n\000t\000i\000t\000\340\000\040\000d\000i\000\040\000m\000o\000t\000o\000\040\000e\000\040\000c\000e\000n\000t\000r\000o\000\040\000d\000i\000\040\000m\000a\000s\000s\000a}{}% 53
\BOOKMARK [1][-]{section.48}{\376\377\000C\000o\000r\000p\000o\000\040\000r\000i\000g\000i\000d\000o}{}% 54
\BOOKMARK [1][-]{section.49}{\376\377\000C\000o\000n\000s\000e\000r\000v\000a\000z\000i\000o\000n\000e\000\040\000d\000e\000l\000l\000a\000\040\000q\000u\000a\000n\000t\000i\000t\000\340\000\040\000d\000i\000\040\000m\000o\000t\000o}{}% 55
\BOOKMARK [1][-]{section.50}{\376\377\000U\000r\000t\000i}{}% 56
\BOOKMARK [1][-]{section.51}{\376\377\000M\000o\000t\000o\000\040\000d\000i\000\040\000u\000n\000\040\000c\000o\000r\000p\000o\000\040\000r\000i\000g\000i\000d\000o}{}% 57
\BOOKMARK [1][-]{section.52}{\376\377\000D\000i\000n\000a\000m\000i\000c\000a\000\040\000r\000o\000t\000a\000z\000i\000o\000n\000a\000l\000e\000\040\000d\000e\000l\000\040\000c\000o\000r\000p\000o\000\040\000r\000i\000g\000i\000d\000o}{}% 58
\BOOKMARK [1][-]{section.53}{\376\377\000D\000i\000n\000a\000m\000i\000c\000a\000\040\000d\000e\000l\000\040\000c\000o\000r\000p\000o\000\040\000r\000i\000g\000i\000d\000o}{}% 59
\BOOKMARK [1][-]{section.54}{\376\377\000E\000n\000e\000r\000g\000i\000a\000\040\000p\000o\000t\000e\000n\000z\000i\000a\000l\000e\000\040\000g\000r\000a\000v\000i\000t\000a\000z\000i\000o\000n\000a\000l\000e\000\040\000p\000e\000r\000\040\000s\000i\000s\000t\000e\000m\000i\000\040\000d\000i\000\040\000p\000u\000n\000t\000i\000\040\000m\000a\000t\000e\000r\000i\000a\000l\000i}{}% 60
\BOOKMARK [1][-]{section.55}{\376\377\000T\000e\000o\000r\000e\000m\000a\000\040\000d\000i\000\040\000K\000\366\000n\000i\000g\000\040\000p\000e\000r\000\040\000i\000\040\000s\000i\000s\000t\000e\000m\000i\000\040\000d\000i\000\040\000p\000u\000n\000t\000i\000\040\000m\000a\000t\000e\000r\000i\000a\000l\000i}{}% 61
\BOOKMARK [1][-]{section.56}{\376\377\000T\000e\000o\000r\000e\000m\000a\000\040\000d\000i\000\040\000K\000\366\000n\000i\000g\000\040\000p\000e\000r\000\040\000i\000l\000\040\000c\000o\000r\000p\000o\000\040\000r\000i\000g\000i\000d\000o}{}% 62
\BOOKMARK [1][-]{section.57}{\376\377\000M\000o\000m\000e\000n\000t\000o\000\040\000d\000i\000\040\000i\000n\000e\000r\000z\000i\000a\000\040\000r\000i\000s\000p\000e\000t\000t\000o\000\040\000a\000d\000\040\000u\000n\000\040\000a\000s\000s\000e}{}% 63
\BOOKMARK [1][-]{section.58}{\376\377\000M\000o\000m\000e\000n\000t\000o\000\040\000a\000n\000g\000o\000l\000a\000r\000e\000\040\000d\000i\000\040\000u\000n\000\040\000c\000o\000r\000p\000o\000\040\000r\000i\000g\000i\000d\000o\000\040\000a\000t\000t\000o\000r\000n\000o\000\040\000a\000d\000\040\000u\000n\000\040\000a\000s\000s\000e}{}% 64
\BOOKMARK [1][-]{section.59}{\376\377\000L\000a\000v\000o\000r\000o\000\040\000n\000e\000l\000\040\000m\000o\000t\000o\000\040\000r\000o\000t\000a\000z\000i\000o\000n\000a\000l\000e}{}% 65
